12 Aug 2024 03:09:058 PM | Server started on port: [9001]
12 Aug 2024 03:10:012 PM | User [Amiz] connected
12 Aug 2024 03:10:027 PM | User [Virat] connected
12 Aug 2024 03:10:033 PM | User [Amiz] disconnected
12 Aug 2024 03:10:033 PM | User [Virat] disconnected
12 Aug 2024 03:10:033 PM | User [Virat] disconnected
12 Aug 2024 03:10:033 PM | Server shutdown
12 Aug 2024 03:16:006 PM | Server started on port: [9001]
12 Aug 2024 03:16:021 PM | User [Amiz] connected
12 Aug 2024 03:16:038 PM | User [Sachin] connected
12 Aug 2024 03:16:044 PM | User [Amiz] disconnected
12 Aug 2024 03:16:044 PM | User [Sachin] disconnected
12 Aug 2024 03:16:044 PM | Server shutdown
12 Aug 2024 03:23:039 PM | Server started on port: [9001]
12 Aug 2024 03:24:002 PM | User [Amiz] connected
12 Aug 2024 03:24:014 PM | User [Sachin] connected
12 Aug 2024 03:24:022 PM | User [Sachin] disconnected
12 Aug 2024 03:24:022 PM | User [Amiz] disconnected
12 Aug 2024 03:24:022 PM | User [Sachin] disconnected
12 Aug 2024 03:24:022 PM | Server shutdown
12 Aug 2024 03:25:010 PM | Server started on port: [9001]
12 Aug 2024 03:25:022 PM | User [Amiz] connected
12 Aug 2024 03:25:030 PM | User [Amiz] disconnected
12 Aug 2024 03:25:030 PM | User [Amiz] disconnected
12 Aug 2024 03:25:030 PM | Server shutdown
12 Aug 2024 03:25:042 PM | Server started on port: [9001]
12 Aug 2024 03:26:003 PM | User [Amiz] connected
12 Aug 2024 03:26:017 PM | User [Sachin] connected
12 Aug 2024 03:26:040 PM | User [Amiz] connected
12 Aug 2024 03:26:047 PM | Broadcast message from [Amiz]: Hi
12 Aug 2024 03:26:051 PM | Broadcast message from [Amiz]: Hi
12 Aug 2024 03:36:003 PM | User [Sachin] disconnected
12 Aug 2024 03:36:003 PM | User [Sachin] disconnected
12 Aug 2024 03:36:003 PM | User [Amiz] disconnected
12 Aug 2024 03:36:003 PM | User [Amiz] disconnected
12 Aug 2024 03:36:003 PM | Server shutdown
12 Aug 2024 03:37:004 PM | Server started on port: [9001]
12 Aug 2024 03:37:025 PM | User [Amiz] connected
12 Aug 2024 03:39:020 PM | User [null] connected
12 Aug 2024 03:39:020 PM | User [Amiz] disconnected
12 Aug 2024 03:39:020 PM | User [null] disconnected
12 Aug 2024 03:39:020 PM | Server shutdown
12 Aug 2024 03:39:029 PM | Server started on port: [9001]
12 Aug 2024 03:39:043 PM | User [Amiz] connected
12 Aug 2024 03:40:000 PM | User [BROADCAST|Amiz|Virat] connected
12 Aug 2024 03:47:025 PM | User [BROADCAST|Amiz|Virat] disconnected
12 Aug 2024 03:47:025 PM | User [Amiz] disconnected
12 Aug 2024 03:47:025 PM | User [BROADCAST|Amiz|Virat] disconnected
12 Aug 2024 03:47:025 PM | Error sending message to [Amiz]: Stream closed
12 Aug 2024 03:47:025 PM | Error sending message to [Amiz]: Stream closed
12 Aug 2024 03:47:025 PM | Error sending message to [Amiz]: Stream closed
12 Aug 2024 03:47:025 PM | Error sending message to [Amiz]: Stream closed
12 Aug 2024 03:47:025 PM | Error sending message to [Amiz]: Stream closed
12 Aug 2024 03:47:025 PM | User [Amiz] disconnected
12 Aug 2024 03:47:025 PM | Error sending message to [Amiz]: Stream closed
12 Aug 2024 03:47:025 PM | Server shutdown
